2017-04-20 23:12:17 ERROR education.crudlib.database.impl.DatabaseRepositoryImpl:56 method: getPath - Property file is not found.
2017-04-20 23:12:17 ERROR education.crudlib.database.impl.DatabaseRepositoryImpl:56 method: getPath - Property file is not found.
2017-04-20 23:12:17 INFO  education.crudlib.database.impl.DatabaseRepositoryImpl:61 method: create - Database directory [ermolaxeDatabase] created.
2017-04-20 23:13:17 ERROR education.crudlib.database.impl.DatabaseRepositoryImpl:56 method: getPath - Property file is not found.
2017-04-20 23:13:17 ERROR education.crudlib.database.impl.DatabaseRepositoryImpl:96 method: createDatabaseRepository - Database [ermolaxeDatabase] cant be deleted.
2017-04-20 23:13:17 ERROR education.crudlib.database.impl.DatabaseRepositoryImpl:56 method: getPath - Property file is not found.
2017-04-20 23:13:17 ERROR education.crudlib.database.impl.DatabaseRepositoryImpl:56 method: getPath - Property file is not found.
2017-04-20 23:13:17 INFO  education.crudlib.database.impl.DatabaseRepositoryImpl:81 method: delete - Database [ermolaxeDatabase] deleted successfully.
2017-04-20 23:14:16 ERROR education.crudlib.database.impl.DatabaseRepositoryImpl:56 method: getPath - Property file is not found.
2017-04-20 23:14:16 ERROR education.crudlib.database.impl.DatabaseRepositoryImpl:56 method: getPath - Property file is not found.
2017-04-20 23:14:16 INFO  education.crudlib.database.impl.DatabaseRepositoryImpl:61 method: create - Database directory [ermolaxeDatabase] created.
2017-04-20 23:14:16 ERROR education.crudlib.database.impl.DatabaseRepositoryImpl:125 method: rename - Database [ermolaxeDatabase] is not found.
2017-04-20 23:15:24 ERROR education.crudlib.database.impl.DatabaseRepositoryImpl:56 method: getPath - Property file is not found.
2017-04-20 23:15:24 ERROR education.crudlib.database.impl.DatabaseRepositoryImpl:56 method: getPath - Property file is not found.
2017-04-20 23:15:24 INFO  education.crudlib.database.impl.DatabaseRepositoryImpl:61 method: create - Database directory [testDB] created.
2017-04-20 23:15:24 ERROR education.crudlib.database.impl.DatabaseRepositoryImpl:56 method: getPath - Property file is not found.
2017-04-20 23:15:24 ERROR education.crudlib.database.impl.DatabaseRepositoryImpl:56 method: getPath - Property file is not found.
2017-04-20 23:15:24 INFO  education.crudlib.database.impl.DatabaseRepositoryImpl:81 method: delete - Database [ermolaxeDatabase] deleted successfully.
2017-04-20 23:15:24 ERROR education.crudlib.database.impl.DatabaseRepositoryImpl:125 method: rename - Database [testDB] is not found.
2017-04-20 23:16:49 ERROR education.crudlib.database.impl.DatabaseRepositoryImpl:56 method: getPath - Property file is not found.
2017-04-20 23:16:49 ERROR education.crudlib.database.impl.DatabaseRepositoryImpl:96 method: createDatabaseRepository - Database [testDB] cant be deleted.
2017-04-20 23:16:49 ERROR education.crudlib.database.impl.DatabaseRepositoryImpl:56 method: getPath - Property file is not found.
2017-04-20 23:16:49 ERROR education.crudlib.database.impl.DatabaseRepositoryImpl:56 method: getPath - Property file is not found.
2017-04-20 23:16:49 INFO  education.crudlib.database.impl.DatabaseRepositoryImpl:81 method: delete - Database [testDB] deleted successfully.
2017-04-20 23:16:49 ERROR education.crudlib.database.impl.DatabaseRepositoryImpl:56 method: getPath - Property file is not found.
2017-04-20 23:16:49 ERROR education.crudlib.database.impl.DatabaseRepositoryImpl:56 method: getPath - Property file is not found.
2017-04-20 23:16:49 INFO  education.crudlib.database.impl.DatabaseRepositoryImpl:61 method: create - Database directory [testDB] created.
2017-04-20 23:22:29 ERROR education.crudlib.database.impl.DatabaseRepositoryImpl:56 method: getPath - Property file is not found.
2017-04-20 23:22:29 ERROR education.crudlib.database.impl.DatabaseRepositoryImpl:96 method: createDatabaseRepository - Database [testDB] cant be deleted.
2017-04-20 23:22:29 ERROR education.crudlib.database.impl.DatabaseRepositoryImpl:56 method: getPath - Property file is not found.
2017-04-20 23:22:29 ERROR education.crudlib.database.impl.DatabaseRepositoryImpl:56 method: getPath - Property file is not found.
2017-04-20 23:22:29 INFO  education.crudlib.database.impl.DatabaseRepositoryImpl:82 method: delete - Database [testDB] deleted successfully.
2017-04-20 23:22:29 ERROR education.crudlib.database.impl.DatabaseRepositoryImpl:56 method: getPath - Property file is not found.
2017-04-20 23:22:29 ERROR education.crudlib.database.impl.DatabaseRepositoryImpl:56 method: getPath - Property file is not found.
2017-04-20 23:22:29 INFO  education.crudlib.database.impl.DatabaseRepositoryImpl:62 method: create - Database directory [testDB] created.
2017-04-20 23:22:49 ERROR education.crudlib.database.impl.DatabaseRepositoryImpl:56 method: getPath - Property file is not found.
2017-04-20 23:22:49 ERROR education.crudlib.database.impl.DatabaseRepositoryImpl:96 method: createDatabaseRepository - Database [testDB] cant be deleted.
2017-04-20 23:23:07 ERROR education.crudlib.database.impl.DatabaseRepositoryImpl:56 method: getPath - Property file is not found.
2017-04-20 23:23:07 ERROR education.crudlib.database.impl.DatabaseRepositoryImpl:96 method: createDatabaseRepository - Database [testDB] cant be deleted.
2017-04-20 23:23:15 ERROR education.crudlib.database.impl.DatabaseRepositoryImpl:56 method: getPath - Property file is not found.
2017-04-20 23:23:15 ERROR education.crudlib.database.impl.DatabaseRepositoryImpl:96 method: createDatabaseRepository - Database [testDB] cant be deleted.
2017-04-20 23:23:22 ERROR education.crudlib.database.impl.DatabaseRepositoryImpl:56 method: getPath - Property file is not found.
2017-04-20 23:23:22 ERROR education.crudlib.database.impl.DatabaseRepositoryImpl:96 method: createDatabaseRepository - Database [testDB] cant be deleted.
2017-04-20 23:27:42 ERROR education.crudlib.database.impl.DatabaseRepositoryImpl:56 method: getPath - Property file is not found.
2017-04-20 23:27:42 ERROR education.crudlib.database.impl.DatabaseRepositoryImpl:96 method: createDatabaseRepository - Database [testDB] cant be crated.
2017-04-20 23:27:42 ERROR education.crudlib.database.impl.DatabaseRepositoryImpl:56 method: getPath - Property file is not found.
2017-04-20 23:27:42 ERROR education.crudlib.database.impl.DatabaseRepositoryImpl:56 method: getPath - Property file is not found.
2017-04-20 23:27:42 INFO  education.crudlib.database.impl.DatabaseRepositoryImpl:82 method: delete - Database [testDB] deleted successfully.
2017-04-20 23:27:42 ERROR education.crudlib.database.impl.DatabaseRepositoryImpl:56 method: getPath - Property file is not found.
2017-04-20 23:27:42 ERROR education.crudlib.database.impl.DatabaseRepositoryImpl:56 method: getPath - Property file is not found.
2017-04-20 23:27:42 INFO  education.crudlib.database.impl.DatabaseRepositoryImpl:62 method: create - Database directory [testDB] created.
2017-04-20 23:27:42 ERROR education.crudlib.database.impl.DatabaseRepositoryImpl:126 method: rename - Database [testDB] is not found.
2017-04-20 23:27:58 ERROR education.crudlib.database.impl.DatabaseRepositoryImpl:56 method: getPath - Property file is not found.
2017-04-20 23:27:58 ERROR education.crudlib.database.impl.DatabaseRepositoryImpl:96 method: createDatabaseRepository - Database [testDB] cant be crated.
2017-04-20 23:27:58 ERROR education.crudlib.database.impl.DatabaseRepositoryImpl:56 method: getPath - Property file is not found.
2017-04-20 23:27:58 ERROR education.crudlib.database.impl.DatabaseRepositoryImpl:56 method: getPath - Property file is not found.
2017-04-20 23:27:58 INFO  education.crudlib.database.impl.DatabaseRepositoryImpl:82 method: delete - Database [testDB] deleted successfully.
2017-04-20 23:27:58 ERROR education.crudlib.database.impl.DatabaseRepositoryImpl:56 method: getPath - Property file is not found.
2017-04-20 23:27:58 ERROR education.crudlib.database.impl.DatabaseRepositoryImpl:56 method: getPath - Property file is not found.
2017-04-20 23:27:58 INFO  education.crudlib.database.impl.DatabaseRepositoryImpl:62 method: create - Database directory [testDB] created.
2017-04-20 23:27:58 ERROR education.crudlib.database.impl.DatabaseRepositoryImpl:126 method: rename - Database [testDB] is not found.
2017-04-20 23:28:27 ERROR education.crudlib.database.impl.DatabaseRepositoryImpl:56 method: getPath - Property file is not found.
2017-04-20 23:28:27 ERROR education.crudlib.database.impl.DatabaseRepositoryImpl:96 method: createDatabaseRepository - Database [testDB] cant be crated.
2017-04-20 23:28:38 ERROR education.crudlib.database.impl.DatabaseRepositoryImpl:56 method: getPath - Property file is not found.
2017-04-20 23:28:38 ERROR education.crudlib.database.impl.DatabaseRepositoryImpl:56 method: getPath - Property file is not found.
2017-04-20 23:28:38 INFO  education.crudlib.database.impl.DatabaseRepositoryImpl:62 method: create - Database directory [testDB] created.
2017-04-20 23:31:44 ERROR education.crudlib.database.impl.DatabaseRepositoryImpl:56 method: getPath - Property file is not found.
2017-04-20 23:31:44 ERROR education.crudlib.database.impl.DatabaseRepositoryImpl:96 method: createDatabaseRepository - Database [testDB] cant be crated.
2017-04-20 23:50:03 ERROR education.crudlib.database.impl.DatabaseRepositoryImpl:56 method: getPath - Property file is not found.
2017-04-20 23:50:03 ERROR education.crudlib.database.impl.DatabaseRepositoryImpl:56 method: getPath - Property file is not found.
2017-04-20 23:50:03 INFO  education.crudlib.database.impl.DatabaseRepositoryImpl:62 method: create - Database directory [testDB] created.
2017-04-20 23:50:24 ERROR netcracker.education.crudlib.database.DatabaseUtils:56 method: getPath - Property file is not found.
2017-04-20 23:50:24 ERROR netcracker.education.crudlib.database.DatabaseUtils:96 method: createDatabaseRepository - Database [testDB] cant be crated.
2017-04-20 23:50:33 ERROR netcracker.education.crudlib.database.DatabaseUtils:56 method: getPath - Property file is not found.
2017-04-20 23:50:33 ERROR netcracker.education.crudlib.database.DatabaseUtils:56 method: getPath - Property file is not found.
2017-04-20 23:50:33 INFO  education.crudlib.database.impl.DatabaseRepositoryImpl:62 method: create - Database directory [testDB] created.
